*** Using Compiler 'V5.06 update 5 (build 528)', folder: 'F:\DownLoad\Keil5\ARM\ARMCC\Bin'
Build target 'YX_UP'
assembling startup_stm32f407xx.s...
compiling usart.c...
../Drivers/CMSIS/Device/ST/STM32F4xx/Include/stm32f407xx.h(51): warning:  #47-D: incompatible redefinition of macro "__FPU_PRESENT" 
  #define __FPU_PRESENT             1U       /*!< FPU present                                   */
../Drivers/CMSIS/Include/core_cm4.h(79): warning:  #47-D: incompatible redefinition of macro "__FPU_USED" 
        #define __FPU_USED       1U
../Core/Src/usart.c: 2 warnings, 0 errors
compiling PID.c...
../Drivers/CMSIS/Device/ST/STM32F4xx/Include/stm32f407xx.h(51): warning:  #47-D: incompatible redefinition of macro "__FPU_PRESENT" 
  #define __FPU_PRESENT             1U       /*!< FPU present                                   */
../Drivers/CMSIS/Include/core_cm4.h(79): warning:  #47-D: incompatible redefinition of macro "__FPU_USED" 
        #define __FPU_USED       1U
..\User\PID.h(18): warning:  #1-D: last line of file ends without a newline
  							
..\User\PID.c(115): warning:  #1-D: last line of file ends without a newline
  }
..\User\PID.c: 4 warnings, 0 errors
compiling bsp_rc.c...
../Drivers/CMSIS/Device/ST/STM32F4xx/Include/stm32f407xx.h(51): warning:  #47-D: incompatible redefinition of macro "__FPU_PRESENT" 
  #define __FPU_PRESENT             1U       /*!< FPU present                                   */
../Drivers/CMSIS/Include/core_cm4.h(79): warning:  #47-D: incompatible redefinition of macro "__FPU_USED" 
        #define __FPU_USED       1U
..\User\bsp_rc.c: 2 warnings, 0 errors
compiling spi.c...
../Drivers/CMSIS/Device/ST/STM32F4xx/Include/stm32f407xx.h(51): warning:  #47-D: incompatible redefinition of macro "__FPU_PRESENT" 
  #define __FPU_PRESENT             1U       /*!< FPU present                                   */
../Drivers/CMSIS/Include/core_cm4.h(79): warning:  #47-D: incompatible redefinition of macro "__FPU_USED" 
        #define __FPU_USED       1U
../Core/Src/spi.c: 2 warnings, 0 errors
compiling stm32f4xx_hal_timebase_tim.c...
../Drivers/CMSIS/Device/ST/STM32F4xx/Include/stm32f407xx.h(51): warning:  #47-D: incompatible redefinition of macro "__FPU_PRESENT" 
  #define __FPU_PRESENT             1U       /*!< FPU present                                   */
../Drivers/CMSIS/Include/core_cm4.h(79): warning:  #47-D: incompatible redefinition of macro "__FPU_USED" 
        #define __FPU_USED       1U
../Core/Src/stm32f4xx_hal_timebase_tim.c: 2 warnings, 0 errors
compiling can.c...
../Drivers/CMSIS/Device/ST/STM32F4xx/Include/stm32f407xx.h(51): warning:  #47-D: incompatible redefinition of macro "__FPU_PRESENT" 
  #define __FPU_PRESENT             1U       /*!< FPU present                                   */
../Drivers/CMSIS/Include/core_cm4.h(79): warning:  #47-D: incompatible redefinition of macro "__FPU_USED" 
        #define __FPU_USED       1U
../Core/Src/can.c: 2 warnings, 0 errors
compiling stm32f4xx_hal_msp.c...
../Drivers/CMSIS/Device/ST/STM32F4xx/Include/stm32f407xx.h(51): warning:  #47-D: incompatible redefinition of macro "__FPU_PRESENT" 
  #define __FPU_PRESENT             1U       /*!< FPU present                                   */
../Drivers/CMSIS/Include/core_cm4.h(79): warning:  #47-D: incompatible redefinition of macro "__FPU_USED" 
        #define __FPU_USED       1U
../Core/Src/stm32f4xx_hal_msp.c: 2 warnings, 0 errors
compiling gpio.c...
../Drivers/CMSIS/Device/ST/STM32F4xx/Include/stm32f407xx.h(51): warning:  #47-D: incompatible redefinition of macro "__FPU_PRESENT" 
  #define __FPU_PRESENT             1U       /*!< FPU present                                   */
../Drivers/CMSIS/Include/core_cm4.h(79): warning:  #47-D: incompatible redefinition of macro "__FPU_USED" 
        #define __FPU_USED       1U
../Core/Src/gpio.c: 2 warnings, 0 errors
compiling dma.c...
../Drivers/CMSIS/Device/ST/STM32F4xx/Include/stm32f407xx.h(51): warning:  #47-D: incompatible redefinition of macro "__FPU_PRESENT" 
  #define __FPU_PRESENT             1U       /*!< FPU present                                   */
../Drivers/CMSIS/Include/core_cm4.h(79): warning:  #47-D: incompatible redefinition of macro "__FPU_USED" 
        #define __FPU_USED       1U
../Core/Src/dma.c: 2 warnings, 0 errors
compiling tim.c...
../Drivers/CMSIS/Device/ST/STM32F4xx/Include/stm32f407xx.h(51): warning:  #47-D: incompatible redefinition of macro "__FPU_PRESENT" 
  #define __FPU_PRESENT             1U       /*!< FPU present                                   */
../Drivers/CMSIS/Include/core_cm4.h(79): warning:  #47-D: incompatible redefinition of macro "__FPU_USED" 
        #define __FPU_USED       1U
../Core/Src/tim.c: 2 warnings, 0 errors
compiling pid_imu.c...
../Drivers/CMSIS/Device/ST/STM32F4xx/Include/stm32f407xx.h(51): warning:  #47-D: incompatible redefinition of macro "__FPU_PRESENT" 
  #define __FPU_PRESENT             1U       /*!< FPU present                                   */
../Drivers/CMSIS/Include/core_cm4.h(79): warning:  #47-D: incompatible redefinition of macro "__FPU_USED" 
        #define __FPU_USED       1U
..\User\pid_imu.c: 2 warnings, 0 errors
compiling stm32f4xx_it.c...
../Drivers/CMSIS/Device/ST/STM32F4xx/Include/stm32f407xx.h(51): warning:  #47-D: incompatible redefinition of macro "__FPU_PRESENT" 
  #define __FPU_PRESENT             1U       /*!< FPU present                                   */
../Drivers/CMSIS/Include/core_cm4.h(79): warning:  #47-D: incompatible redefinition of macro "__FPU_USED" 
        #define __FPU_USED       1U
..\User\Task\Exchange_task.h(31): warning:  #1295-D: Deprecated declaration Get_keyboard - give arg types
  void Get_keyboard();
..\User\Task\Exchange_task.h(33): warning:  #1-D: last line of file ends without a newline
  #endif
../Core/Src/stm32f4xx_it.c(299): warning:  #1035-D: single-precision operand implicitly converted to double-precision
  	T+=0.00001;//
../Core/Src/stm32f4xx_it.c: 5 warnings, 0 errors
compiling main.c...
../Drivers/CMSIS/Device/ST/STM32F4xx/Include/stm32f407xx.h(51): warning:  #47-D: incompatible redefinition of macro "__FPU_PRESENT" 
  #define __FPU_PRESENT             1U       /*!< FPU present                                   */
../Drivers/CMSIS/Include/core_cm4.h(79): warning:  #47-D: incompatible redefinition of macro "__FPU_USED" 
        #define __FPU_USED       1U
..\User\DriverLayer\Can_user.h(11): warning:  #1-D: last line of file ends without a newline
  #endif
../Core/Src/main.c: 3 warnings, 0 errors
compiling i2c.c...
../Drivers/CMSIS/Device/ST/STM32F4xx/Include/stm32f407xx.h(51): warning:  #47-D: incompatible redefinition of macro "__FPU_PRESENT" 
  #define __FPU_PRESENT             1U       /*!< FPU present                                   */
../Drivers/CMSIS/Include/core_cm4.h(79): warning:  #47-D: incompatible redefinition of macro "__FPU_USED" 
        #define __FPU_USED       1U
../Core/Src/i2c.c: 2 warnings, 0 errors
compiling freertos.c...
../Drivers/CMSIS/Device/ST/STM32F4xx/Include/stm32f407xx.h(51): warning:  #47-D: incompatible redefinition of macro "__FPU_PRESENT" 
  #define __FPU_PRESENT             1U       /*!< FPU present                                   */
../Drivers/CMSIS/Include/core_cm4.h(79): warning:  #47-D: incompatible redefinition of macro "__FPU_USED" 
        #define __FPU_USED       1U
../User/PID.h(18): warning:  #1-D: last line of file ends without a newline
  							
..\User\PotocaLayer\MX_FREERTOS_init.h(2): warning:  #1-D: last line of file ends without a newline
  void MX_FREERTOS_Init(void);
..\User\Task\INS_task.h(78): warning:  #1-D: last line of file ends without a newline
  #endif
..\User\Task\Yaw_task.h(21): warning:  #1-D: last line of file ends without a newline
  #endif
../Core/Src/freertos.c: 6 warnings, 0 errors
compiling stm32f4xx_hal_rcc_ex.c...
../Drivers/CMSIS/Device/ST/STM32F4xx/Include/stm32f407xx.h(51): warning:  #47-D: incompatible redefinition of macro "__FPU_PRESENT" 
  #define __FPU_PRESENT             1U       /*!< FPU present                                   */
../Drivers/CMSIS/Include/core_cm4.h(79): warning:  #47-D: incompatible redefinition of macro "__FPU_USED" 
        #define __FPU_USED       1U
../Drivers/STM32F4xx_HAL_Driver/Src/stm32f4xx_hal_rcc_ex.c: 2 warnings, 0 errors
compiling stm32f4xx_hal_dma_ex.c...
../Drivers/CMSIS/Device/ST/STM32F4xx/Include/stm32f407xx.h(51): warning:  #47-D: incompatible redefinition of macro "__FPU_PRESENT" 
  #define __FPU_PRESENT             1U       /*!< FPU present                                   */
../Drivers/CMSIS/Include/core_cm4.h(79): warning:  #47-D: incompatible redefinition of macro "__FPU_USED" 
        #define __FPU_USED       1U
../Drivers/STM32F4xx_HAL_Driver/Src/stm32f4xx_hal_dma_ex.c: 2 warnings, 0 errors
compiling stm32f4xx_hal_dma.c...
../Drivers/CMSIS/Device/ST/STM32F4xx/Include/stm32f407xx.h(51): warning:  #47-D: incompatible redefinition of macro "__FPU_PRESENT" 
  #define __FPU_PRESENT             1U       /*!< FPU present                                   */
../Drivers/CMSIS/Include/core_cm4.h(79): warning:  #47-D: incompatible redefinition of macro "__FPU_USED" 
        #define __FPU_USED       1U
../Drivers/STM32F4xx_HAL_Driver/Src/stm32f4xx_hal_dma.c: 2 warnings, 0 errors
compiling stm32f4xx_hal_can.c...
../Drivers/CMSIS/Device/ST/STM32F4xx/Include/stm32f407xx.h(51): warning:  #47-D: incompatible redefinition of macro "__FPU_PRESENT" 
  #define __FPU_PRESENT             1U       /*!< FPU present                                   */
../Drivers/CMSIS/Include/core_cm4.h(79): warning:  #47-D: incompatible redefinition of macro "__FPU_USED" 
        #define __FPU_USED       1U
../Drivers/STM32F4xx_HAL_Driver/Src/stm32f4xx_hal_can.c: 2 warnings, 0 errors
compiling stm32f4xx_hal_pwr.c...
../Drivers/CMSIS/Device/ST/STM32F4xx/Include/stm32f407xx.h(51): warning:  #47-D: incompatible redefinition of macro "__FPU_PRESENT" 
  #define __FPU_PRESENT             1U       /*!< FPU present                                   */
../Drivers/CMSIS/Include/core_cm4.h(79): warning:  #47-D: incompatible redefinition of macro "__FPU_USED" 
        #define __FPU_USED       1U
../Drivers/STM32F4xx_HAL_Driver/Src/stm32f4xx_hal_pwr.c: 2 warnings, 0 errors
compiling stm32f4xx_hal_pwr_ex.c...
../Drivers/CMSIS/Device/ST/STM32F4xx/Include/stm32f407xx.h(51): warning:  #47-D: incompatible redefinition of macro "__FPU_PRESENT" 
  #define __FPU_PRESENT             1U       /*!< FPU present                                   */
../Drivers/CMSIS/Include/core_cm4.h(79): warning:  #47-D: incompatible redefinition of macro "__FPU_USED" 
        #define __FPU_USED       1U
../Drivers/STM32F4xx_HAL_Driver/Src/stm32f4xx_hal_pwr_ex.c: 2 warnings, 0 errors
compiling stm32f4xx_hal_flash_ramfunc.c...
../Drivers/CMSIS/Device/ST/STM32F4xx/Include/stm32f407xx.h(51): warning:  #47-D: incompatible redefinition of macro "__FPU_PRESENT" 
  #define __FPU_PRESENT             1U       /*!< FPU present                                   */
../Drivers/CMSIS/Include/core_cm4.h(79): warning:  #47-D: incompatible redefinition of macro "__FPU_USED" 
        #define __FPU_USED       1U
../Drivers/STM32F4xx_HAL_Driver/Src/stm32f4xx_hal_flash_ramfunc.c: 2 warnings, 0 errors
compiling stm32f4xx_hal.c...
../Drivers/CMSIS/Device/ST/STM32F4xx/Include/stm32f407xx.h(51): warning:  #47-D: incompatible redefinition of macro "__FPU_PRESENT" 
  #define __FPU_PRESENT             1U       /*!< FPU present                                   */
../Drivers/CMSIS/Include/core_cm4.h(79): warning:  #47-D: incompatible redefinition of macro "__FPU_USED" 
        #define __FPU_USED       1U
../Drivers/STM32F4xx_HAL_Driver/Src/stm32f4xx_hal.c: 2 warnings, 0 errors
compiling stm32f4xx_hal_rcc.c...
../Drivers/CMSIS/Device/ST/STM32F4xx/Include/stm32f407xx.h(51): warning:  #47-D: incompatible redefinition of macro "__FPU_PRESENT" 
  #define __FPU_PRESENT             1U       /*!< FPU present                                   */
../Drivers/CMSIS/Include/core_cm4.h(79): warning:  #47-D: incompatible redefinition of macro "__FPU_USED" 
        #define __FPU_USED       1U
../Drivers/STM32F4xx_HAL_Driver/Src/stm32f4xx_hal_rcc.c: 2 warnings, 0 errors
compiling croutine.c...
compiling stm32f4xx_hal_flash.c...
../Drivers/CMSIS/Device/ST/STM32F4xx/Include/stm32f407xx.h(51): warning:  #47-D: incompatible redefinition of macro "__FPU_PRESENT" 
  #define __FPU_PRESENT             1U       /*!< FPU present                                   */
../Drivers/CMSIS/Include/core_cm4.h(79): warning:  #47-D: incompatible redefinition of macro "__FPU_USED" 
        #define __FPU_USED       1U
../Drivers/STM32F4xx_HAL_Driver/Src/stm32f4xx_hal_flash.c: 2 warnings, 0 errors
compiling event_groups.c...
compiling list.c...
compiling queue.c...
compiling stream_buffer.c...
compiling timers.c...
compiling stm32f4xx_hal_gpio.c...
../Drivers/CMSIS/Device/ST/STM32F4xx/Include/stm32f407xx.h(51): warning:  #47-D: incompatible redefinition of macro "__FPU_PRESENT" 
  #define __FPU_PRESENT             1U       /*!< FPU present                                   */
../Drivers/CMSIS/Include/core_cm4.h(79): warning:  #47-D: incompatible redefinition of macro "__FPU_USED" 
        #define __FPU_USED       1U
../Drivers/STM32F4xx_HAL_Driver/Src/stm32f4xx_hal_gpio.c: 2 warnings, 0 errors
compiling tasks.c...
compiling heap_4.c...
compiling stm32f4xx_hal_cortex.c...
../Drivers/CMSIS/Device/ST/STM32F4xx/Include/stm32f407xx.h(51): warning:  #47-D: incompatible redefinition of macro "__FPU_PRESENT" 
  #define __FPU_PRESENT             1U       /*!< FPU present                                   */
../Drivers/CMSIS/Include/core_cm4.h(79): warning:  #47-D: incompatible redefinition of macro "__FPU_USED" 
        #define __FPU_USED       1U
../Drivers/STM32F4xx_HAL_Driver/Src/stm32f4xx_hal_cortex.c: 2 warnings, 0 errors
compiling cmsis_os.c...
compiling port.c...
compiling stm32f4xx_hal_flash_ex.c...
../Drivers/CMSIS/Device/ST/STM32F4xx/Include/stm32f407xx.h(51): warning:  #47-D: incompatible redefinition of macro "__FPU_PRESENT" 
  #define __FPU_PRESENT             1U       /*!< FPU present                                   */
../Drivers/CMSIS/Include/core_cm4.h(79): warning:  #47-D: incompatible redefinition of macro "__FPU_USED" 
        #define __FPU_USED       1U
../Drivers/STM32F4xx_HAL_Driver/Src/stm32f4xx_hal_flash_ex.c: 2 warnings, 0 errors
compiling Yaw_task.c...
..\User\Task\Yaw_task.c(307): warning:  #1-D: last line of file ends without a newline
  // }
..\User\Task\Yaw_task.c: 1 warning, 0 errors
compiling stm32f4xx_hal_i2c.c...
../Drivers/CMSIS/Device/ST/STM32F4xx/Include/stm32f407xx.h(51): warning:  #47-D: incompatible redefinition of macro "__FPU_PRESENT" 
  #define __FPU_PRESENT             1U       /*!< FPU present                                   */
../Drivers/CMSIS/Include/core_cm4.h(79): warning:  #47-D: incompatible redefinition of macro "__FPU_USED" 
        #define __FPU_USED       1U
../Drivers/STM32F4xx_HAL_Driver/Src/stm32f4xx_hal_i2c.c: 2 warnings, 0 errors
compiling stm32f4xx_hal_exti.c...
../Drivers/CMSIS/Device/ST/STM32F4xx/Include/stm32f407xx.h(51): warning:  #47-D: incompatible redefinition of macro "__FPU_PRESENT" 
  #define __FPU_PRESENT             1U       /*!< FPU present                                   */
../Drivers/CMSIS/Include/core_cm4.h(79): warning:  #47-D: incompatible redefinition of macro "__FPU_USED" 
        #define __FPU_USED       1U
../Drivers/STM32F4xx_HAL_Driver/Src/stm32f4xx_hal_exti.c: 2 warnings, 0 errors
compiling stm32f4xx_hal_i2c_ex.c...
../Drivers/CMSIS/Device/ST/STM32F4xx/Include/stm32f407xx.h(51): warning:  #47-D: incompatible redefinition of macro "__FPU_PRESENT" 
  #define __FPU_PRESENT             1U       /*!< FPU present                                   */
../Drivers/CMSIS/Include/core_cm4.h(79): warning:  #47-D: incompatible redefinition of macro "__FPU_USED" 
        #define __FPU_USED       1U
../Drivers/STM32F4xx_HAL_Driver/Src/stm32f4xx_hal_i2c_ex.c: 2 warnings, 0 errors
compiling system_stm32f4xx.c...
../Drivers/CMSIS/Device/ST/STM32F4xx/Include/stm32f407xx.h(51): warning:  #47-D: incompatible redefinition of macro "__FPU_PRESENT" 
  #define __FPU_PRESENT             1U       /*!< FPU present                                   */
../Drivers/CMSIS/Include/core_cm4.h(79): warning:  #47-D: incompatible redefinition of macro "__FPU_USED" 
        #define __FPU_USED       1U
../Core/Src/system_stm32f4xx.c: 2 warnings, 0 errors
compiling GPIO_User.c...
../Drivers/CMSIS/Device/ST/STM32F4xx/Include/stm32f407xx.h(51): warning:  #47-D: incompatible redefinition of macro "__FPU_PRESENT" 
  #define __FPU_PRESENT             1U       /*!< FPU present                                   */
../Drivers/CMSIS/Include/core_cm4.h(79): warning:  #47-D: incompatible redefinition of macro "__FPU_USED" 
        #define __FPU_USED       1U
..\User\DriverLayer\GPIO_User.h(5): warning:  #1-D: last line of file ends without a newline
  void HAL_GPIO_EXTI_Callback(uint16_t GPIO_Pin);
..\User\DriverLayer\GPIO_User.c(10): warning:  #1-D: last line of file ends without a newline
  }
..\User\DriverLayer\GPIO_User.c: 4 warnings, 0 errors
compiling stm32f4xx_hal_uart.c...
../Drivers/CMSIS/Device/ST/STM32F4xx/Include/stm32f407xx.h(51): warning:  #47-D: incompatible redefinition of macro "__FPU_PRESENT" 
  #define __FPU_PRESENT             1U       /*!< FPU present                                   */
../Drivers/CMSIS/Include/core_cm4.h(79): warning:  #47-D: incompatible redefinition of macro "__FPU_USED" 
        #define __FPU_USED       1U
../Drivers/STM32F4xx_HAL_Driver/Src/stm32f4xx_hal_uart.c: 2 warnings, 0 errors
compiling time_user.c...
../Drivers/CMSIS/Device/ST/STM32F4xx/Include/stm32f407xx.h(51): warning:  #47-D: incompatible redefinition of macro "__FPU_PRESENT" 
  #define __FPU_PRESENT             1U       /*!< FPU present                                   */
../Drivers/CMSIS/Include/core_cm4.h(79): warning:  #47-D: incompatible redefinition of macro "__FPU_USED" 
        #define __FPU_USED       1U
..\User\DriverLayer\time_user.c: 2 warnings, 0 errors
compiling stm32f4xx_hal_tim_ex.c...
../Drivers/CMSIS/Device/ST/STM32F4xx/Include/stm32f407xx.h(51): warning:  #47-D: incompatible redefinition of macro "__FPU_PRESENT" 
  #define __FPU_PRESENT             1U       /*!< FPU present                                   */
../Drivers/CMSIS/Include/core_cm4.h(79): warning:  #47-D: incompatible redefinition of macro "__FPU_USED" 
        #define __FPU_USED       1U
../Drivers/STM32F4xx_HAL_Driver/Src/stm32f4xx_hal_tim_ex.c: 2 warnings, 0 errors
compiling stm32f4xx_hal_tim.c...
../Drivers/CMSIS/Device/ST/STM32F4xx/Include/stm32f407xx.h(51): warning:  #47-D: incompatible redefinition of macro "__FPU_PRESENT" 
  #define __FPU_PRESENT             1U       /*!< FPU present                                   */
../Drivers/CMSIS/Include/core_cm4.h(79): warning:  #47-D: incompatible redefinition of macro "__FPU_USED" 
        #define __FPU_USED       1U
../Drivers/STM32F4xx_HAL_Driver/Src/stm32f4xx_hal_tim.c: 2 warnings, 0 errors
compiling Can_user.c...
../Drivers/CMSIS/Device/ST/STM32F4xx/Include/stm32f407xx.h(51): warning:  #47-D: incompatible redefinition of macro "__FPU_PRESENT" 
  #define __FPU_PRESENT             1U       /*!< FPU present                                   */
../Drivers/CMSIS/Include/core_cm4.h(79): warning:  #47-D: incompatible redefinition of macro "__FPU_USED" 
        #define __FPU_USED       1U
..\User\DriverLayer\Can_user.h(11): warning:  #1-D: last line of file ends without a newline
  #endif
..\User\DriverLayer\Can_user.c: 3 warnings, 0 errors
compiling Friction_task.c...
../Drivers/CMSIS/Device/ST/STM32F4xx/Include/stm32f407xx.h(51): warning:  #47-D: incompatible redefinition of macro "__FPU_PRESENT" 
  #define __FPU_PRESENT             1U       /*!< FPU present                                   */
../Drivers/CMSIS/Include/core_cm4.h(79): warning:  #47-D: incompatible redefinition of macro "__FPU_USED" 
        #define __FPU_USED       1U
../User/PID.h(18): warning:  #1-D: last line of file ends without a newline
  							
..\User\Task\Friction_task.h(1): warning:  #1-D: last line of file ends without a newline
  void Friction_task(void const * argument);
..\User\Task\Exchange_task.h(31): warning:  #1295-D: Deprecated declaration Get_keyboard - give arg types
  void Get_keyboard();
..\User\Task\Exchange_task.h(33): warning:  #1-D: last line of file ends without a newline
  #endif
..\User\Task\Friction_task.c(18): warning:  #1295-D: Deprecated declaration Friction_init - give arg types
  static void Friction_init();
..\User\Task\Friction_task.c(21): warning:  #1295-D: Deprecated declaration Friction_calc - give arg types
  static void Friction_calc();
..\User\Task\Friction_task.c(24): warning:  #1295-D: Deprecated declaration Friction_down - give arg types
  static void Friction_down();
..\User\Task\Friction_task.c(27): warning:  #1295-D: Deprecated declaration Friction_judeg - give arg types
  static 
ool Friction_judeg();
..\User\Task\Friction_task.c(30): warning:  #1295-D: Deprecated declaration Friction_send - give arg types
  static void Friction_send();
..\User\Task\Friction_task.c(117): warning:  #1-D: last line of file ends without a newline
  }
..\User\Task\Friction_task.c: 12 warnings, 0 errors
compiling stm32f4xx_hal_spi.c...
../Drivers/CMSIS/Device/ST/STM32F4xx/Include/stm32f407xx.h(51): warning:  #47-D: incompatible redefinition of macro "__FPU_PRESENT" 
  #define __FPU_PRESENT             1U       /*!< FPU present                                   */
../Drivers/CMSIS/Include/core_cm4.h(79): warning:  #47-D: incompatible redefinition of macro "__FPU_USED" 
        #define __FPU_USED       1U
../Drivers/STM32F4xx_HAL_Driver/Src/stm32f4xx_hal_spi.c: 2 warnings, 0 errors
compiling INS_task.c...
../Drivers/CMSIS/Device/ST/STM32F4xx/Include/stm32f407xx.h(51): warning:  #47-D: incompatible redefinition of macro "__FPU_PRESENT" 
  #define __FPU_PRESENT             1U       /*!< FPU present                                   */
../Drivers/CMSIS/Include/core_cm4.h(79): warning:  #47-D: incompatible redefinition of macro "__FPU_USED" 
        #define __FPU_USED       1U
..\User\Task\INS_task.h(78): warning:  #1-D: last line of file ends without a newline
  #endif
..\User\Task\INS_task.c(24): warning:  #177-D: variable "gxdt"  was declared but never referenced
  	float gxdt,gydt,gzdt,axdt,aydt,azdt;
..\User\Task\INS_task.c(24): warning:  #177-D: variable "gydt"  was declared but never referenced
  	float gxdt,gydt,gzdt,axdt,aydt,azdt;
..\User\Task\INS_task.c(24): warning:  #177-D: variable "gzdt"  was declared but never referenced
  	float gxdt,gydt,gzdt,axdt,aydt,azdt;
..\User\Task\INS_task.c(24): warning:  #177-D: variable "axdt"  was declared but never referenced
  	float gxdt,gydt,gzdt,axdt,aydt,azdt;
..\User\Task\INS_task.c(24): warning:  #177-D: variable "aydt"  was declared but never referenced
  	float gxdt,gydt,gzdt,axdt,aydt,azdt;
..\User\Task\INS_task.c(24): warning:  #177-D: variable "azdt"  was declared but never referenced
  	float gxdt,gydt,gzdt,axdt,aydt,azdt;
..\User\Task\INS_task.c(314): warning:  #1035-D: single-precision operand implicitly converted to double-precision
        accel_offsets_sum[2]-=9.79;
..\User\Task\INS_task.c(558): warning:  #1035-D: single-precision operand implicitly converted to double-precision
      *yaw = atan2f(2.0f*(q[0]*q[3]+q[1]*q[2]), 2.0f*(q[0]*q[0]+q[1]*q[1])-1.0f)*57.3;
..\User\Task\INS_task.c(559): warning:  #1035-D: single-precision operand implicitly converted to double-precision
      *pitch = asinf(-2.0f*(q[1]*q[3]-q[0]*q[2]))*57.3;
..\User\Task\INS_task.c(560): warning:  #1035-D: single-precision operand implicitly converted to double-precision
      *roll = atan2f(2.0f*(q[0]*q[1]+q[2]*q[3]),2.0f*(q[0]*q[0]+q[3]*q[3])-1.0f)*57.3;
..\User\Task\INS_task.c: 13 warnings, 0 errors
compiling MX_FREERTOS_Init.c...
../Drivers/CMSIS/Device/ST/STM32F4xx/Include/stm32f407xx.h(51): warning:  #47-D: incompatible redefinition of macro "__FPU_PRESENT" 
  #define __FPU_PRESENT             1U       /*!< FPU present                                   */
../Drivers/CMSIS/Include/core_cm4.h(79): warning:  #47-D: incompatible redefinition of macro "__FPU_USED" 
        #define __FPU_USED       1U
..\User\PotocaLayer\MX_FREERTOS_Init.h(2): warning:  #1-D: last line of file ends without a newline
  void MX_FREERTOS_Init(void);
..\User\Task\INS_task.h(78): warning:  #1-D: last line of file ends without a newline
  #endif
../User/pid.h(18): warning:  #1-D: last line of file ends without a newline
  							
..\User\Task\Yaw_task.h(21): warning:  #1-D: last line of file ends without a newline
  #endif
..\User\Task\StartDefaultTask.h(1): warning:  #1-D: last line of file ends without a newline
   void StartDefaultTask(void const * argument);
..\User\Task\Pitch_task.h(8): warning:  #1295-D: Deprecated declaration gimbal_init - give arg types
  static void gimbal_init();	
..\User\Task\Pitch_task.h(9): warning:  #1295-D: Deprecated declaration gimbal_judge - give arg types
  static 
ool gimbal_judge();	
..\User\Task\Pitch_task.h(13): error:  #147: declaration is incompatible with "int16_t target_angle"  (declared at line 124 of "../Core/Inc/main.h")
  fp32 target_angle;
..\User\Task\Pitch_task.h(16): warning:  #1-D: last line of file ends without a newline
  #endif
..\User\Task\Exchange_task.h(31): warning:  #1295-D: Deprecated declaration Get_keyboard - give arg types
  void Get_keyboard();
..\User\Task\Exchange_task.h(33): warning:  #1-D: last line of file ends without a newline
  #endif
..\User\Task\Friction_task.h(1): warning:  #1-D: last line of file ends without a newline
  void Friction_task(void const * argument);
..\User\PotocaLayer\MX_FREERTOS_Init.c(45): warning:  #1-D: last line of file ends without a newline
  }
..\User\PotocaLayer\MX_FREERTOS_Init.c: 14 warnings, 1 error
compiling Exchange_task.c...
../Drivers/CMSIS/Device/ST/STM32F4xx/Include/stm32f407xx.h(51): warning:  #47-D: incompatible redefinition of macro "__FPU_PRESENT" 
  #define __FPU_PRESENT             1U       /*!< FPU present                                   */
../Drivers/CMSIS/Include/core_cm4.h(79): warning:  #47-D: incompatible redefinition of macro "__FPU_USED" 
        #define __FPU_USED       1U
../User/PID.h(18): warning:  #1-D: last line of file ends without a newline
  							
..\User\Task\INS_task.h(78): warning:  #1-D: last line of file ends without a newline
  #endif
..\User\Task\Exchange_task.h(31): warning:  #1295-D: Deprecated declaration Get_keyboard - give arg types
  void Get_keyboard();
..\User\Task\Exchange_task.h(33): warning:  #1-D: last line of file ends without a newline
  #endif
..\User\Task\Exchange_task.c(56): warning:  #1295-D: Deprecated declaration Get_keyboard - give arg types
  void Get_keyboard();
..\User\Task\Exchange_task.c(57): warning:  #1295-D: Deprecated declaration Get_minipc - give arg types
  void Get_minipc();
..\User\Task\Exchange_task.c(75): warning:  #223-D: function "can_remote" declared implicitly
  		can_remote(ins_buf,0x55);
..\User\Task\Exchange_task.c(138): warning:  #1-D: last line of file ends without a newline
  }
..\User\Task\Exchange_task.c: 10 warnings, 0 errors
compiling remote_control.c...
../Drivers/CMSIS/Device/ST/STM32F4xx/Include/stm32f407xx.h(51): warning:  #47-D: incompatible redefinition of macro "__FPU_PRESENT" 
  #define __FPU_PRESENT             1U       /*!< FPU present                                   */
../Drivers/CMSIS/Include/core_cm4.h(79): warning:  #47-D: incompatible redefinition of macro "__FPU_USED" 
        #define __FPU_USED       1U
..\User\PotocaLayer\remote_control.c: 2 warnings, 0 errors
compiling Pitch_task.c...
../Drivers/CMSIS/Device/ST/STM32F4xx/Include/stm32f407xx.h(51): warning:  #47-D: incompatible redefinition of macro "__FPU_PRESENT" 
  #define __FPU_PRESENT             1U       /*!< FPU present                                   */
../Drivers/CMSIS/Include/core_cm4.h(79): warning:  #47-D: incompatible redefinition of macro "__FPU_USED" 
        #define __FPU_USED       1U
../User/PID.h(18): warning:  #1-D: last line of file ends without a newline
  							
..\User\Task\INS_task.h(78): warning:  #1-D: last line of file ends without a newline
  #endif
..\User\Task\Pitch_task.h(8): warning:  #1295-D: Deprecated declaration gimbal_init - give arg types
  static void gimbal_init();	
..\User\Task\Pitch_task.h(9): warning:  #1295-D: Deprecated declaration gimbal_judge - give arg types
  static 
ool gimbal_judge();	
..\User\Task\Pitch_task.h(13): error:  #147: declaration is incompatible with "int16_t target_angle"  (declared at line 124 of "../Core/Inc/main.h")
  fp32 target_angle;
..\User\Task\Pitch_task.h(16): warning:  #1-D: last line of file ends without a newline
  #endif
..\User\Task\Exchange_task.h(31): warning:  #1295-D: Deprecated declaration Get_keyboard - give arg types
  void Get_keyboard();
..\User\Task\Exchange_task.h(33): warning:  #1-D: last line of file ends without a newline
  #endif
..\User\Task\Pitch_task.c(30): warning:  #1295-D: Deprecated declaration gimbal_init - give arg types
  static void gimbal_init();	
..\User\Task\Pitch_task.c(33): warning:  #1295-D: Deprecated declaration gimbal_judge - give arg types
  static 
ool gimbal_judge();	
..\User\Task\Pitch_task.c(36): warning:  #1295-D: Deprecated declaration gimbal_read_imu - give arg types
  static void gimbal_read_imu();
..\User\Task\Pitch_task.c(39): warning:  #1295-D: Deprecated declaration gimbal_choice - give arg types
  static void gimbal_choice();
..\User\Task\Pitch_task.c(42): warning:  #1295-D: Deprecated declaration gimbal_mode_1 - give arg types
  static void gimbal_mode_1();
..\User\Task\Pitch_task.c(43): warning:  #1295-D: Deprecated declaration gimbal_mode_2 - give arg types
  static void gimbal_mode_2();
..\User\Task\Pitch_task.c(46): warning:  #1295-D: Deprecated declaration gimbal_can_send - give arg types
  static void gimbal_can_send();
..\User\Task\Pitch_task.c(49): warning:  #1295-D: Deprecated declaration gimbal_imu_limit - give arg types
  static void gimbal_imu_limit();
..\User\Task\Pitch_task.c(52): warning:  #1295-D: Deprecated declaration gimbal_imu_limit_2 - give arg types
  static void gimbal_imu_limit_2();
..\User\Task\Pitch_task.c(55): warning:  #1295-D: Deprecated declaration gimbal_mouse - give arg types
  static void gimbal_mouse();
..\User\Task\Pitch_task.c(58): warning:  #1295-D: Deprecated declaration gimbal_minipc_control - give arg types
  static void gimbal_minipc_control();
..\User\Task\Pitch_task.c(85): error:  #65: expected a ";"
  		}
..\User\Task\Pitch_task.c(104): warning:  #940-D: missing return statement at end of non-void function "gimbal_judge" 
  }
..\User\Task\Pitch_task.c(132): warning:  #186-D: pointless comparison of unsigned integer with zero
          if(rc_ctrl.rc.ch[1]>=364&&rc_ctrl.rc.ch[1]<=824&& (0 <= motor_info[3].rotor_angle < 1500 ||  motor_info[3].rotor_angle > 7000)) //Ò£¿ØÆ÷ÍùÏÂ²¦//Ò£¿ØÆ÷ÍùÏÂ²¦
..\User\Task\Pitch_task.c(149): error:  #260-D: explicit type is missing ("int" assumed)
  static gimbal_model_2()
..\User\Task\Pitch_task.c(155): warning:  #223-D: function "set_motor_voltage_6020" declared implicitly
  	set_motor_voltage_6020(0,0,0,0,motor_info[3].set_voltage);
..\User\Task\Pitch_task.c(164): warning:  #223-D: function "set_motor_voltage_6020" declared implicitly
  	set_motor_voltage_6020(0,0,0,0,motor_info[3].set_voltage);
..\User\Task\Pitch_task.c(101): warning:  #177-D: function "gimbal_judge"  was declared but never referenced
  static bool gimbal_judge()
..\User\Task\Pitch_task.c(36): warning:  #177-D: function "gimbal_read_imu"  was declared but never referenced
  static void gimbal_read_imu();
..\User\Task\Pitch_task.c(109): warning:  #177-D: function "gimbal_choice"  was declared but never referenced
  static void gimbal_choice()
..\User\Task\Pitch_task.c(43): error:  #114: function "gimbal_mode_2"  was referenced but not defined
  static void gimbal_mode_2();
..\User\Task\Pitch_task.c(49): error:  #114: function "gimbal_imu_limit"  was referenced but not defined
  static void gimbal_imu_limit();
..\User\Task\Pitch_task.c(52): warning:  #177-D: function "gimbal_imu_limit_2"  was declared but never referenced
  static void gimbal_imu_limit_2();
..\User\Task\Pitch_task.c(55): error:  #114: function "gimbal_mouse"  was referenced but not defined
  static void gimbal_mouse();
..\User\Task\Pitch_task.c(58): error:  #114: function "gimbal_minipc_control"  was referenced but not defined
  static void gimbal_minipc_control();
..\User\Task\Pitch_task.c(149): warning:  #177-D: function "gimbal_model_2"  was declared but never referenced
  static gimbal_model_2()
..\User\Task\Pitch_task.c: 29 warnings, 7 errors
compiling StartDefaultTask.c...
..\User\Task\StartDefaultTask.h(1): warning:  #1-D: last line of file ends without a newline
   void StartDefaultTask(void const * argument);
../Drivers/CMSIS/Device/ST/STM32F4xx/Include/stm32f407xx.h(51): warning:  #47-D: incompatible redefinition of macro "__FPU_PRESENT" 
  #define __FPU_PRESENT             1U       /*!< FPU present                                   */
../Drivers/CMSIS/Include/core_cm4.h(79): warning:  #47-D: incompatible redefinition of macro "__FPU_USED" 
        #define __FPU_USED       1U
../User/PID.h(18): warning:  #1-D: last line of file ends without a newline
  							
..\User\Task\INS_task.h(78): warning:  #1-D: last line of file ends without a newline
  #endif
..\User\Task\StartDefaultTask.c: 5 warnings, 0 errors
"YX_UP\YX_UP.axf" - 8 Error(s), 177 Warning(s).
Target not created.
Build Time Elapsed:  00:00:28
